Arguments: 
  C:\Program Files\nodejs\node.exe C:\Program Files (x86)\Yarn\bin\yarn.js add -D extract-text-webpack-plugin@next

PATH: 
  C:\Programs\Python36\Scripts\;C:\Programs\Python36\;C:\ProgramData\Oracle\Java\javapath;C:\WINDOWS\system32;C:\WINDOWS;C:\WINDOWS\System32\Wbem;C:\WINDOWS\System32\WindowsPowerShell\v1.0\;C:\Program Files\Git\cmd;C:\Program Files\MongoDB\Server\3.4\bin;C:\Program Files\Java\jdk-9.0.1\bin;C:\Program Files (x86)\NVIDIA Corporation\PhysX\Common;C:\Program Files\nodejs\;C:\Program Files (x86)\Yarn\bin;C:\CourseMSSR\leJOS\bin;C:\Programs\gradle-4.6\bin;C:\Users\office20\AppData\Local\Microsoft\WindowsApps;C:\BGOUG_Demos\cigwin\tree-1.5.2.2-bin\bin;C:\Programs\wget-1.19.1-win64;C:\Programs\visualvm_139\bin;C:\Users\office20\AppData\Roaming\npm;C:\Users\office20\AppData\Local\Yarn\bin;C:\Program Files\Microsoft VS Code\bin;

Yarn version: 
  1.3.2

Node version: 
  9.5.0

Platform: 
  win32 x64

npm manifest: 
  {
    "name": "react-demo-01",
    "version": "1.0.0",
    "description": "React intro",
    "main": "index.js",
    "scripts": {
      "test": "echo \"Error: no test specified\" && exit 1",
      "start": "concurrently --kill-others \"npm run services\" \"npm run dev-server\"",
      "dev-server": "webpack-dev-server --inline --hot",
      "services": "nodemon -w ./comments-api ./comments-api/server.js"
    },
    "repository": {
      "type": "git",
      "url": "git+https://github.com/iproduct/course-fullstack-react.git"
    },
    "keywords": [
      "react",
      "js",
      "intro",
      "demo",
      "webpack",
      "simple"
    ],
    "author": "Trayan Iliev",
    "license": "Apache-2.0",
    "bugs": {
      "url": "https://github.com/iproduct/course-fullstack-react/issues"
    },
    "homepage": "https://github.com/iproduct/course-fullstack-react#readme",
    "devDependencies": {
      "babel-core": "^6.26.0",
      "babel-eslint": "^8.2.3",
      "babel-loader": "^7.1.4",
      "babel-plugin-syntax-async-functions": "^6.13.0",
      "babel-plugin-transform-async-to-generator": "^6.24.1",
      "babel-plugin-transform-function-bind": "^6.22.0",
      "babel-plugin-transform-regenerator": "^6.26.0",
      "babel-preset-es2015": "^6.24.1",
      "babel-preset-react": "^6.24.1",
      "babel-preset-stage-0": "^6.24.1",
      "babel-preset-stage-1": "^6.24.1",
      "concurrently": "^3.5.1",
      "css-loader": "^0.28.11",
      "eslint": "^4.19.1",
      "eslint-config-defaults": "^9.0.0",
      "eslint-loader": "^2.0.0",
      "eslint-plugin-react": "^7.7.0",
      "extract-text-webpack-plugin": "^3.0.2",
      "file-loader": "^1.1.11",
      "html-loader": "^0.5.5",
      "html-webpack-plugin": "^3.2.0",
      "jshint": "^2.9.5",
      "jshint-loader": "^0.8.4",
      "node-libs-browser": "^2.1.0",
      "node-sass": "^4.8.3",
      "nodemon": "^1.17.3",
      "postcss-loader": "^2.1.4",
      "precss": "^3.1.2",
      "react-hot-loader": "^4.1.0",
      "rimraf": "^2.6.2",
      "sass-loader": "^7.0.1",
      "strip-loader": "^0.1.2",
      "style-loader": "^0.20.3",
      "url-loader": "^1.0.1",
      "webpack": "^4.3.0",
      "webpack-cli": "^2.0.13",
      "webpack-dev-server": "^3.1.1",
      "webpack-merge": "^4.1.2"
    },
    "dependencies": {
      "axios": "^0.18.0",
      "babel-polyfill": "^6.26.0",
      "body-parser": "^1.18.2",
      "cookie-parser": "^1.4.3",
      "debug": "^3.1.0",
      "express": "^4.16.3",
      "indicative": "^5.0.5",
      "jquery": "^3.3.1",
      "morgan": "^1.9.0",
      "path": "^0.12.7",
      "prop-types": "^15.6.1",
      "react": "^16.3.2",
      "react-dom": "^16.3.2",
      "react-transition-group": "^2.3.1",
      "remarkable": "^1.7.1",
      "serve-favicon": "^2.5.0",
      "sqlite3": "^4.0.0"
    }
  }

yarn manifest: 
  No manifest

Lockfile: 
  No lockfile

Trace: 
  Error: EBUSY: resource busy or locked, copyfile 'C:\Users\office20\AppData\Local\Yarn\cache\v1\npm-nan-2.9.2-f564d75f5f8f36a6d9456cca7a6c4fe488ab7866\README.md' -> 'C:\CourseNodeExpressReact\git\course-node-express-react\12-react-demo-sqlite-custom-form\node_modules\sqlite3\node_modules\nan\README.md'
